K10
Benner.*2012
Bremen.*2005
September.*2017
K11
Finck.*2012
Grigorieva.*2015
Saxalber.*2017
K2
AltPflAPrV.*2002
AltPflG.*2003
April.*2012
BBiG.*2005
BIBB.*2012
BIBB.*2018
BIBB.*2019
BMBF.*2006
BMBF.*2012
Bayer.*2015
Benner.*2012
Bourdieu.*1992
Bremen.*2005
Bundesgesetze.*2003
Efing.*2017
Ende.*2016
Energie.*2018
Hövelbrinks.*2017
Jahren.*1000
KMK.*2007
KrPflG.*2004
Linnemann.*2007
Mikrozensus.*2017
Monetti.*2017
Pohl.*2012
Pohl.*2017
Puciarelli.*2015
Reichertz.*1997
Schuljahr.*2017
Settinieri.*2017
Sozialforschung.*2017
Thiemann.*2018
Thürmann.*2013
Ucceli.*2009
Walch.*2008
K3
Bildungsinstitut.*2007
Fierbinţeanu.*2007
Holly.*1997
Jahre.*2005
Lepschy.*1995
Lipovsky.*2008
Maier.*2002
Pütz.*1980
Rischin.*2008
K4
August.*2013
Bremen.*2005
Dürscheid.*2005
Gaparro.*1987
Juni.*2013
Knoblauch.*1999
Königs.*2016
Labov.*1970
Maier.*2002
November.*2013
September.*2013
Winterscheid.*2015
Wooffitt.*2008
K5
Bergmann.*2015
Coulthard.*1975
Fierbintanu.*2014
Fierbinteanu.*2007
Fierbinteanu.*2008
Fierbinteanu.*2014
Franke.*1990
Heller.*2013
Meissner.*2014
Nussbaumer.*1996
Quasthoff.*1980
Rehbock.*2001
Roelcke.*2013
Schegloff.*2006
Streeck.*1979
Thurmair.*2012
K6
Hausendorf.*2000
Heidrich.*1976
Praxis.*1995
K7
Beneke.*1992
Burger.*2007
Bühdorn.*2011
Delius.*1985
Dus.*2008
Günthner.*1996
Habermas.*1981
Hartmann.*1982
Hinnenkamp.*1989
Iljes.*2019
Illjes.*2004
Jacobs.*1980
KMK.*2012
Kallmeyer.*1996
Klein.*1981
Klein.*1986
Klein.*2011
Klie.*3013
Konerding.*2002
Kopperschmidt.*2006
Mrotzek.*2004
Oppenheim.*1948
Pache.*2002
Roelcke.*2013
Wald.*1979
Weinrich.*1993
K8
Jefferson.*1974
Kurzon.*1999
Roth.*1984
Schmidt.*2008
K9
Benner.*2012
Bolden.*2009
Breidenstein.*2006
Finck.*2012
Gay.*2014
Goffman.*1974
Goffmann.*1981
Hanna.*2003
Hausendorf.*2000
Kevallik.*2011
Schwabe.*2015
Schwittala.*2006
Villanueva.*2007
Weinrich.*1993
Willkop.*1988
